# eico at jianghaowendeiMac.local in ~/develop/WeicoArticle/android on git:master x [18:35:57]$ python editText.pytest_01_addTitle (__main__.EditText) ... oktest_02_editBody (__main__.EditText) ... oktest_03_addGuide (__main__.EditText) ... ERRORtest_04_setFormat (__main__.EditText) ... ERRORtest_05_H2 (__main__.EditText) ... oktest_06_link (__main__.EditText) ... ERRORtest_07_insertPreviousArticle (__main__.EditText) ... oktest_08_bold (__main__.EditText) ... oktest_09_italic (__main__.EditText) ... oktest_10_strickthrough (__main__.EditText) ... oktest_11_setWordsTolink (__main__.EditText) ... oktest_12_changeColor (__main__.EditText) ... 2ERROR======================================================================ERROR: test_03_addGuide (__main__.EditText)----------------------------------------------------------------------Traceback (most recent call last):  File "editText.py", line 65, in test_03_addGuide    self.driver.find_element_by_id("dialog_summary").send_keys("EditText.test_03_addGuide")  File "/Library/Frameworks/Python.framework/Versions/2.7/lib/python2.7/site-packages/selenium/webdriver/remote/webdriver.py", line 208, in find_element_by_id    return self.find_element(by=By.ID, value=id_)  File "/Library/Frameworks/Python.framework/Versions/2.7/lib/python2.7/site-packages/selenium/webdriver/remote/webdriver.py", line 664, in find_element    {'using': by, 'value': value})['value']  File "/Library/Frameworks/Python.framework/Versions/2.7/lib/python2.7/site-packages/selenium/webdriver/remote/webdriver.py", line 175, in execute    self.error_handler.check_response(response)  File "build/bdist.macosx-10.6-intel/egg/appium/webdriver/errorhandler.py", line 29, in check_response    raise wdeNoSuchElementException: Message: An element could not be located on the page using the given search parameters.======================================================================ERROR: test_04_setFormat (__main__.EditText)----------------------------------------------------------------------Traceback (most recent call last):  File "editText.py", line 110, in test_04_setFormat    self.driver.find_element_by_id(format[i]).click()  File "/Library/Frameworks/Python.framework/Versions/2.7/lib/python2.7/site-packages/selenium/webdriver/remote/webdriver.py", line 208, in find_element_by_id    return self.find_element(by=By.ID, value=id_)  File "/Library/Frameworks/Python.framework/Versions/2.7/lib/python2.7/site-packages/selenium/webdriver/remote/webdriver.py", line 664, in find_element    {'using': by, 'value': value})['value']  File "/Library/Frameworks/Python.framework/Versions/2.7/lib/python2.7/site-packages/selenium/webdriver/remote/webdriver.py", line 175, in execute    self.error_handler.check_response(response)  File "build/bdist.macosx-10.6-intel/egg/appium/webdriver/errorhandler.py", line 29, in check_response    raise wdeNoSuchElementException: Message: An element could not be located on the page using the given search parameters.======================================================================ERROR: test_06_link (__main__.EditText)----------------------------------------------------------------------Traceback (most recent call last):  File "editText.py", line 127, in test_06_link    self.driver.find_element_by_id("dialog_link_address").send_keys("www.baidu.com")  File "/Library/Frameworks/Python.framework/Versions/2.7/lib/python2.7/site-packages/selenium/webdriver/remote/webelement.py", line 318, in send_keys    self._execute(Command.SEND_KEYS_TO_ELEMENT, {'value': typing})  File "/Library/Frameworks/Python.framework/Versions/2.7/lib/python2.7/site-packages/selenium/webdriver/remote/webelement.py", line 402, in _execute    return self._parent.execute(command, params)  File "/Library/Frameworks/Python.framework/Versions/2.7/lib/python2.7/site-packages/selenium/webdriver/remote/webdriver.py", line 175, in execute    self.error_handler.check_response(response)  File "build/bdist.macosx-10.6-intel/egg/appium/webdriver/errorhandler.py", line 29, in check_response    raise wdeNoSuchElementException: Message: An element could not be located on the page using the given search parameters.======================================================================ERROR: test_12_changeColor (__main__.EditText)----------------------------------------------------------------------Traceback (most recent call last):  File "editText.py", line 201, in test_12_changeColor    self.driver.find_element_by_xpath("//android.widget.LinearLayout[1]/android.widget.FrameLayout[1]/android.widget.RelativeLayout[1]/android.widget.RelativeLayout[2]/android.widget.RelativeLayout[1]/android.support.v4.view.ViewPager[1]/android.widget.RelativeLayout[1]/android.support.v7.widget.RecyclerView[1]/android.widget.ImageView["+str(index)+"]").click()  File "/Library/Frameworks/Python.framework/Versions/2.7/lib/python2.7/site-packages/selenium/webdriver/remote/webdriver.py", line 232, in find_element_by_xpath    return self.find_element(by=By.XPATH, value=xpath)  File "/Library/Frameworks/Python.framework/Versions/2.7/lib/python2.7/site-packages/selenium/webdriver/remote/webdriver.py", line 664, in find_element    {'using': by, 'value': value})['value']  File "/Library/Frameworks/Python.framework/Versions/2.7/lib/python2.7/site-packages/selenium/webdriver/remote/webdriver.py", line 175, in execute    self.error_handler.check_response(response)  File "build/bdist.macosx-10.6-intel/egg/appium/webdriver/errorhandler.py", line 29, in check_response    raise wdeNoSuchElementException: Message: An element could not be located on the page using the given search parameters.----------------------------------------------------------------------Ran 12 tests in 291.266sFAILED (errors=4)